<?xml version="1.0" encoding="UTF-8"?>
<testsuite xmlns:xsi="http://www.w3.org/2001/XMLSchema-instance" xsi:noNamespaceSchemaLocation="https://maven.apache.org/surefire/maven-surefire-plugin/xsd/surefire-test-report-3.0.xsd" version="3.0" name="co.unicauca.figures.domain.SquareTest" time="0.164" tests="6" errors="0" skipped="0" failures="0">
  <properties>
[...]
</properties>
  <testcase name="testCalculatePerimeter" classname="co.unicauca.figures.domain.SquareTest" time="0.104">
    <system-out><![CDATA[calculatePerimeter
]]></system-out>
  </testcase>
  <testcase name="testCalculateArea" classname="co.unicauca.figures.domain.SquareTest" time="0.001">
    <system-out><![CDATA[calculateArea
]]></system-out>
  </testcase>
  <testcase name="testCalculatePerimeter2" classname="co.unicauca.figures.domain.SquareTest" time="0.002">
    <system-out><![CDATA[calculatePerimeter2
]]></system-out>
  </testcase>
  <testcase name="testCalculatePerimeter3" classname="co.unicauca.figures.domain.SquareTest" time="0.003">
    <system-out><![CDATA[calculatePerimeter3
]]></system-out>
  </testcase>
  <testcase name="testCalculateArea2" classname="co.unicauca.figures.domain.SquareTest" time="0.001">
    <system-out><![CDATA[calculateArea2
]]></system-out>
  </testcase>
  <testcase name="testCalculateArea3" classname="co.unicauca.figures.domain.SquareTest" time="0.002">
    <system-out><![CDATA[calculateArea3
]]></system-out>
  </testcase>
</testsuite>